make all --print-data-base --no-builtin-variables --no-builtin-rules --question
make: *** No rule to make target '-lm', needed by 'server'.  Stop.

# GNU Make 4.3
# Built for x86_64-pc-linux-gnu
# Copyright (C) 1988-2020 Free Software Foundation, Inc.
# License GPLv3+: GNU GPL version 3 or later <http://gnu.org/licenses/gpl.html>
# This is free software: you are free to change and redistribute it.
# There is NO WARRANTY, to the extent permitted by law.

# Make data base, printed on Fri Sep 16 19:09:46 2022

# Variables

# environment
GDK_BACKEND = x11
# environment
LC_ALL = C
# environment
GJS_DEBUG_OUTPUT = stderr
# environment
MANDATORY_PATH = /usr/share/gconf/cinnamon.mandatory.path
# environment
VSCODE_CWD = /home/heise
# environment
NVM_DIR = /home/heise/.nvm
# environment
GDM_LANG = pt_BR
# default
MAKE_COMMAND := make
# environment
rvm_user_install_flag = 1
# environment
GTK3_MODULES = xapp-gtk3-module
# environment
QT_ACCESSIBILITY = 1
# environment
rvm_bin_path = /home/heise/.rvm/bin
# automatic
@D = $(patsubst %/,%,$(dir $@))
# environment
rvm_loaded_flag = 1
# environment
VSCODE_HANDLES_UNCAUGHT_ERRORS = true
# default
.VARIABLES := 
# environment
PWD = /home/heise/redes-I/trabalho-1
# automatic
%D = $(patsubst %/,%,$(dir $%))
# environment
LSCOLORS = Gxfxcxdxbxegedabagacad
# environment
XDG_DATA_DIRS = /usr/share/cinnamon:/usr/share/gnome:/home/heise/.local/share/flatpak/exports/share:/var/lib/flatpak/exports/share:/usr/local/share:/usr/share:/var/lib/snapd/desktop
# environment
OLDPWD = /home/heise
# automatic
^D = $(patsubst %/,%,$(dir $^))
# automatic
%F = $(notdir $%)
# environment
rvm_stored_umask = 002
# environment
NVM_INC = /home/heise/.nvm/versions/node/v17.7.1/include/node
# environment
VSCODE_CODE_CACHE_PATH = /home/heise/.config/Code/CachedData/784b0177c56c607789f9638da7b6bf3230d47a8c
# environment
XDG_SESSION_PATH = /org/freedesktop/DisplayManager/Session0
# environment
LANG = C
# environment
XAUTHORITY = /home/heise/.Xauthority
# default
.LOADED := 
# default
.INCLUDE_DIRS = /usr/local/include /usr/include /usr/include
# environment
GEM_PATH = /home/heise/.rvm/gems/ruby-3.0.0:/home/heise/.rvm/gems/ruby-3.0.0@global
# makefile
MAKEFLAGS = pqrR
# makefile
CURDIR := /home/heise/redes-I/trabalho-1
# environment
APPLICATION_INSIGHTS_NO_DIAGNOSTIC_CHANNEL = 1
# automatic
*D = $(patsubst %/,%,$(dir $*))
# environment
MFLAGS = -pqrR
# environment
SSH_AUTH_SOCK = /run/user/1000/keyring/ssh
# default
.SHELLFLAGS := -c
# environment
NVM_BIN = /home/heise/.nvm/versions/node/v17.7.1/bin
# environment
XDG_CONFIG_DIRS = /etc/xdg/xdg-cinnamon:/etc/xdg
# automatic
+D = $(patsubst %/,%,$(dir $+))
# environment
XDG_SESSION_DESKTOP = cinnamon
# makefile (from 'Makefile', line 1)
MAKEFILE_LIST := Makefile
# automatic
@F = $(notdir $@)
# environment
ZSH = /home/heise/.oh-my-zsh
# environment
VSCODE_PID = 1182969
# environment
XDG_SESSION_TYPE = x11
# automatic
?D = $(patsubst %/,%,$(dir $?))
# environment
MY_RUBY_HOME = /home/heise/.rvm/rubies/ruby-3.0.0
# environment
SESSION_MANAGER = local/raven:@/tmp/.ICE-unix/2469,unix/raven:/tmp/.ICE-unix/2469
# automatic
*F = $(notdir $*)
# environment
QT_QPA_PLATFORMTHEME = qt5ct
# environment
CHROME_DESKTOP = code-url-handler.desktop
# environment
DBUS_SESSION_BUS_ADDRESS = unix:path=/run/user/1000/bus
# automatic
<D = $(patsubst %/,%,$(dir $<))
# environment
VSCODE_NLS_CONFIG = {"locale":"pt-br","availableLanguages":{},"_languagePackSupport":true}
# default
MAKE_HOST := x86_64-pc-linux-gnu
# environment
GNOME_DESKTOP_SESSION_ID = this-is-deprecated
# makefile
SHELL = /bin/sh
# default
MAKECMDGOALS := all
# environment
GJS_DEBUG_TOPICS = JS ERROR;JS LOG
# environment
SHLVL = 0
# environment
rvm_path = /home/heise/.rvm
# environment
MAKELEVEL := 0
# default
MAKE = $(MAKE_COMMAND)
# environment
PATH = /home/heise/.cabal/bin:/home/heise/.ghcup/bin:/home/heise/.nvm/versions/node/v17.7.1/bin:/home/heise/.rvm/gems/ruby-3.0.0/bin:/home/heise/.rvm/gems/ruby-3.0.0@global/bin:/home/heise/.rvm/rubies/ruby-3.0.0/bin:/home/heise/.local/bin:/usr/local/sbin:/usr/local/bin:/usr/sbin:/usr/bin:/sbin:/bin:/usr/games:/usr/local/games:/snap/bin:/home/heise/.rvm/bin:/home/heise/.rvm/bin
# default
MAKEFILES := 
# environment
LANGUAGE = pt_BR:pt:en
# automatic
^F = $(notdir $^)
# environment
CINNAMON_VERSION = 5.4.12
# automatic
?F = $(notdir $?)
# environment
XDG_SEAT = seat0
# environment
XDG_CURRENT_DESKTOP = X-Cinnamon
# environment
LS_COLORS = 
# automatic
+F = $(notdir $+)
# environment
XDG_SEAT_PATH = /org/freedesktop/DisplayManager/Seat0
# environment
LESS = -R
# environment
DESKTOP_SESSION = cinnamon
# environment
ORIGINAL_XDG_CURRENT_DESKTOP = X-Cinnamon
# environment
IRBRC = /home/heise/.rvm/rubies/ruby-3.0.0/.irbrc
# 'override' directive
GNUMAKEFLAGS := 
# environment
LOGNAME = heise
# environment
GIO_LAUNCHED_DESKTOP_FILE = /usr/share/applications/code.desktop
# environment
XDG_VTNR = 7
# makefile
.DEFAULT_GOAL := all
# environment
rvm_version = 1.29.12 (latest)
# environment
DISPLAY = :0
# environment
USER = heise
# environment
GTK_MODULES = gail:atk-bridge
# environment
DEFAULTS_PATH = /usr/share/gconf/cinnamon.default.path
# default
MAKE_VERSION := 4.3
# environment
GIO_LAUNCHED_DESKTOP_FILE_PID = 1182969
# environment
PAGER = less
# environment
_ = /usr/share/code/code
# environment
XDG_RUNTIME_DIR = /run/user/1000
# environment
GEM_HOME = /home/heise/.rvm/gems/ruby-3.0.0
# makefile (from 'Makefile', line 3)
CFLAGS = -g
# environment
GPG_AGENT_INFO = /run/user/1000/gnupg/S.gpg-agent:0:1
# environment
GTK_OVERLAY_SCROLLING = 1
# environment
NVM_CD_FLAGS = -q
# environment
XDG_SESSION_CLASS = user
# environment
VSCODE_AMD_ENTRYPOINT = vs/workbench/api/node/extensionHostProcess
# environment
HOME = /home/heise
# environment
ELECTRON_RUN_AS_NODE = 1
# environment
VSCODE_IPC_HOOK = /run/user/1000/vscode-f7028a01-1.71.0-main.sock
# environment
XDG_SESSION_ID = c2
# default
.RECIPEPREFIX := 
# automatic
<F = $(notdir $<)
# default
SUFFIXES := 
# environment
XDG_GREETER_DATA_DIR = /var/lib/lightdm-data/heise
# default
.FEATURES := target-specific order-only second-expansion else-if shortest-stem undefine oneshell nocomment grouped-target extra-prereqs archives jobserver output-sync check-symlink load
# makefile (from 'Makefile', line 4)
CC = gcc 
# environment
rvm_prefix = /home/heise
# environment
RUBY_VERSION = ruby-3.0.0
# environment
GDMSESSION = cinnamon
# variable set hash-table stats:
# Load=116/1024=11%, Rehash=0, Collisions=9/147=6%

# Pattern-specific Variable Values

# No pattern-specific variable values.

# Directories

# . (device 78, inode 37880377): 15 files, no impossibilities.

# 15 files, no impossibilities in 1 directories.

# Implicit Rules

# No implicit rules.

# Files

client: client.o RawSocket.o
#  Implicit rule search has been done.
#  Last modified 2022-09-16 18:58:14.836599309
#  File has been updated.
#  Successfully updated.

# Not a target:
client.o:
#  Implicit rule search has been done.
#  Last modified 2022-09-16 18:58:14.78059883
#  File has been updated.
#  Successfully updated.

# Not a target:
server.o:
#  Implicit rule search has been done.
#  Last modified 2022-09-16 18:36:51.70020657
 
#  File has been updated.
#  Successfully updated.

# Not a target:
Makefile:
#  Implicit rule search has been done.
#  Last modified 2022-09-12 10:57:49.951362521
#  File has been updated.
#  Successfully updated.

clean:
#  Implicit rule search has not been done.
#  Modification time never checked.
#  File has not been updated.
#  recipe to execute (from 'Makefile', line 22):
	$(RM) *.o

server: server.o RawSocket.o -lm
#  Implicit rule search has been done.
#  File does not exist.
#  File has not been updated.

# Not a target:
RawSocket.o:
#  Implicit rule search has been done.
#  Last modified 2022-09-16 18:58:14.816599138
#  File has been updated.
#  Successfully updated.

rClient: client
#  Implicit rule search has not been done.
#  Modification time never checked.
#  File has not been updated.
#  recipe to execute (from 'Makefile', line 10):
	sudo ./client

# Not a target:
-lm:
#  Implicit rule search has been done.
#  File does not exist.
#  File has not been updated.

rServer: server
#  Implicit rule search has not been done.
#  Modification time never checked.
#  File has not been updated.
#  recipe to execute (from 'Makefile', line 13):
	sudo ./server

# Not a target:
.DEFAULT:
#  Implicit rule search has not been done.
#  Modification time never checked.
#  File has not been updated.

all: client server
#  Command line target.
#  Implicit rule search has been done.
#  File does not exist.
#  File has not been updated.

purge:
#  Implicit rule search has not been done.
#  Modification time never checked.
#  File has not been updated.
#  recipe to execute (from 'Makefile', line 27):
	$(RM) client server *.o

# files hash-table stats:
# Load=14/1024=1%, Rehash=0, Collisions=4/36=11%
# VPATH Search Paths

# No 'vpath' search paths.

# No general ('VPATH' variable) search path.

# strcache buffers: 1 (0) / strings = 26 / storage = 212 B / avg = 8 B
# current buf: size = 8162 B / used = 212 B / count = 26 / avg = 8 B

# strcache performance: lookups = 47 / hit rate = 44%
# hash-table stats:
# Load=26/8192=0%, Rehash=0, Collisions=0/47=0%
# Finished Make data base on Fri Sep 16 19:09:46 2022

 
